10:34:33 Log created
10:34:33 ==================================================
10:34:52 ==================================================
10:34:52 Executando EmitirNFe...
10:34:52 Ambiente: producao
10:34:52 Numero da NFe: 8679
10:34:52 Conectado ao Banco de Dados
10:34:52 JOSE ALENCAR DE CARVALHO NETO E OUTROS
10:34:54 SUCESSO! NFe Autorizada.
10:34:54 Chave de acesso: 35260509167426000109550010000086791490600949
10:34:54 Código Status: 100
10:34:54 Motivo: Autorizado o uso da NF-e
10:34:54 ==================================================
13:30:26 ==================================================
13:30:26 Executando EmitirNFe...
13:30:26 Ambiente: homologacao
13:30:26 Numero da NFe: 8673
13:30:27 Conectado ao Banco de Dados
13:30:27 ANA CLARA LOPES SILVEIRA 03344328123
13:31:15 --------------------------------------------------
13:31:15 ERRO DURANTE O ENVIO DA NFE:
13:32:21 ==================================================
13:32:21 Executando EmitirNFe...
13:32:21 Ambiente: homologacao
13:32:21 Numero da NFe: 8522
13:32:21 Conectado ao Banco de Dados
13:32:22 DOIS TROPICOS COMERCIO DE ALIMENTOS LTDA.
13:32:24 SUCESSO! NFe Autorizada.
13:32:24 Chave de acesso: 35260509167426000109550010000085221356407309
13:32:24 Código Status: 100
13:32:24 Motivo: Autorizado o uso da NF-e
13:32:24 ==================================================
13:34:59 ==================================================
13:34:59 Executando EmitirNFe...
13:34:59 Ambiente: homologacao
13:34:59 Numero da NFe: 8577
13:34:59 Conectado ao Banco de Dados
13:36:09 DOIS TROPICOS COMERCIO DE ALIMENTOS LTDA.
13:36:59 SUCESSO! NFe Autorizada.
13:36:59 Chave de acesso: 35260509167426000109550010000085771279515350
13:36:59 Código Status: 100
13:36:59 Motivo: Autorizado o uso da NF-e
13:36:59 ==================================================
13:37:17 ==================================================
13:37:17 Executando EmitirNFe...
13:37:17 Ambiente: homologacao
13:37:17 Numero da NFe: 8577
13:37:17 Conectado ao Banco de Dados
13:37:30 DOIS TROPICOS COMERCIO DE ALIMENTOS LTDA.
13:38:02 --------------------------------------------------
13:38:02 ERRO DURANTE O ENVIO DA NFE:
13:38:02 Rejeição: Duplicidade de NF-e com diferença na Chave de Acesso [chNFe:35260509167426000109550010000085771279515350][nRec:351000214658870]
13:38:02 --------------------------------------------------
13:38:02 Código do Erro SEFAZ: 539
13:38:02 Motivo da Rejeição: Rejeição: Duplicidade de NF-e com diferença na Chave de Acesso [chNFe:35260509167426000109550010000085771279515350][nRec:351000214658870]
13:38:02 ==================================================
13:40:12 ==================================================
13:40:12 Executando EmitirNFe...
13:40:12 Ambiente: homologacao
13:40:12 Numero da NFe: 8588
13:40:12 Conectado ao Banco de Dados
13:40:43 DOIS TROPICOS COMERCIO DE ALIMENTOS LTDA.
13:42:21 SUCESSO! NFe Autorizada.
13:42:21 Chave de acesso: 35260509167426000109550010000085881957610798
13:42:21 Código Status: 100
13:42:21 Motivo: Autorizado o uso da NF-e
13:42:21 ==================================================
13:45:16 ==================================================
13:45:16 Executando EmitirNFe...
13:45:16 Ambiente: homologacao
13:45:16 Numero da NFe: 8627
13:45:16 Conectado ao Banco de Dados
13:45:19 DOIS TROPICOS COMERCIO DE ALIMENTOS LTDA.
13:45:23 SUCESSO! NFe Autorizada.
13:45:23 Chave de acesso: 35260509167426000109550010000086271833514665
13:45:23 Código Status: 100
13:45:23 Motivo: Autorizado o uso da NF-e
13:45:23 ==================================================
13:47:42 ==================================================
13:47:42 Executando EmitirNFe...
13:47:42 Ambiente: homologacao
13:47:42 Numero da NFe: 8376
13:47:42 Conectado ao Banco de Dados
13:47:50 DOIS TROPICOS COMERCIO DE ALIMENTOS LTDA.
13:47:53 SUCESSO! NFe Autorizada.
13:47:53 Chave de acesso: 35260509167426000109550010000083761059853614
13:47:53 Código Status: 100
13:47:53 Motivo: Autorizado o uso da NF-e
13:47:53 ==================================================
14:26:15 ==================================================
14:26:15 Executando EmitirNFe...
14:26:15 Ambiente: homologacao
14:26:15 Numero da NFe: 8376
14:26:15 Conectado ao Banco de Dados
14:26:15 DOIS TROPICOS COMERCIO DE ALIMENTOS LTDA.
14:26:17 --------------------------------------------------
14:26:17 ERRO DURANTE O ENVIO DA NFE:
14:26:17 Rejeição: Duplicidade de NF-e com diferença na Chave de Acesso [chNFe:35260509167426000109550010000083761059853614][nRec:351000214658891]
14:26:17 --------------------------------------------------
14:26:17 Código do Erro SEFAZ: 539
14:26:17 Motivo da Rejeição: Rejeição: Duplicidade de NF-e com diferença na Chave de Acesso [chNFe:35260509167426000109550010000083761059853614][nRec:351000214658891]
14:26:17 ==================================================
14:30:03 ==================================================
14:30:03 Executando EmitirNFe...
14:30:03 Ambiente: homologacao
14:30:03 Numero da NFe: 8403
14:30:03 Conectado ao Banco de Dados
14:30:04 DOIS TROPICOS COMERCIO DE ALIMENTOS LTDA.
14:30:06 SUCESSO! NFe Autorizada.
14:30:06 Chave de acesso: 35260509167426000109550010000084031117709842
14:30:06 Código Status: 100
14:30:06 Motivo: Autorizado o uso da NF-e
14:30:06 ==================================================
14:33:41 ==================================================
14:34:04 ==================================================
14:34:04 Executando EmitirNFe...
14:34:04 Ambiente: homologacao
14:34:04 Numero da NFe: 8440
14:34:04 Conectado ao Banco de Dados
14:34:04 DOIS TROPICOS COMERCIO DE ALIMENTOS LTDA.
14:34:06 SUCESSO! NFe Autorizada.
14:34:06 Chave de acesso: 35260509167426000109550010000084401061740611
14:34:06 Código Status: 100
14:34:06 Motivo: Autorizado o uso da NF-e
14:34:06 ==================================================
14:34:32 ==================================================
14:34:32 Executando EmitirNFe...
14:34:32 Ambiente: homologacao
14:34:32 Numero da NFe: 8656
14:34:32 Conectado ao Banco de Dados
14:34:32 DA HORTA PARA A PORTA COMERCIAL E DISTRIBUIDORA DE GENEROS ALIMENTICIOS EIRELI
14:34:33 SUCESSO! NFe Autorizada.
14:34:33 Chave de acesso: 35260509167426000109550010000086561277238117
14:34:33 Código Status: 100
14:34:33 Motivo: Autorizado o uso da NF-e
14:34:33 ==================================================
14:57:36 ==================================================
14:57:36 Executando EmitirNFe...
14:57:36 Ambiente: homologacao
14:57:36 Numero da NFe: 8416
14:57:36 Conectado ao Banco de Dados
14:57:36 FLV COMERCIO DE HORTIFRUTO LTDA
14:57:42 SUCESSO! NFe Autorizada.
14:57:42 Chave de acesso: 35260509167426000109550010000084161613696689
14:57:42 Código Status: 100
14:57:42 Motivo: Autorizado o uso da NF-e
14:57:42 ==================================================
14:58:19 ==================================================
14:58:19 Executando EmitirNFe...
14:58:19 Ambiente: homologacao
14:58:19 Numero da NFe: 8349
14:58:19 Conectado ao Banco de Dados
14:58:19 RICARDO OISHI DE FIGUEIREDO
14:58:20 SUCESSO! NFe Autorizada.
14:58:20 Chave de acesso: 35260509167426000109550010000083491103064945
14:58:20 Código Status: 100
14:58:20 Motivo: Autorizado o uso da NF-e
14:58:20 ==================================================
14:59:20 ==================================================
14:59:20 Executando EmitirNFe...
14:59:20 Ambiente: homologacao
14:59:20 Numero da NFe: 8482
14:59:20 Conectado ao Banco de Dados
14:59:21 RICARDO OISHI DE FIGUEIREDO
14:59:22 SUCESSO! NFe Autorizada.
14:59:22 Chave de acesso: 35260509167426000109550010000084821699117041
14:59:22 Código Status: 100
14:59:22 Motivo: Autorizado o uso da NF-e
14:59:22 ==================================================
