15:20:29 Log created
15:20:29 ==================================================
15:20:29 Executando EmitirNFe...
15:20:29 Ambiente: producao
15:20:29 Numero da NFe: 8685
15:20:30 Conectado ao Banco de Dados
15:20:30 JACAREI AGRICULTURA E COMERCIO LTDA.
15:20:32 SUCESSO! NFe Autorizada.
15:20:32 Chave de acesso: 35260509167426000109550010000086851405801449
15:20:32 Código Status: 100
15:20:32 Motivo: Autorizado o uso da NF-e
15:20:32 ==================================================
15:20:38 ==================================================
15:20:38 Executando EmitirNFe...
15:20:38 Ambiente: producao
15:20:38 Numero da NFe: 8686
15:20:38 Conectado ao Banco de Dados
15:20:38 CRISTINA FURLANI CARMONA KIM COMERCIO DE ALIMENTOS
15:20:40 SUCESSO! NFe Autorizada.
15:20:40 Chave de acesso: 35260509167426000109550010000086861639818124
15:20:40 Código Status: 100
15:20:40 Motivo: Autorizado o uso da NF-e
15:20:40 ==================================================
15:20:46 ==================================================
15:20:46 Executando EmitirNFe...
15:20:46 Ambiente: producao
15:20:46 Numero da NFe: 8687
15:20:46 Conectado ao Banco de Dados
15:20:47 F S GONCALVES AGRONEGOCIO
15:20:48 SUCESSO! NFe Autorizada.
15:20:48 Chave de acesso: 35260509167426000109550010000086871405700205
15:20:48 Código Status: 100
15:20:48 Motivo: Autorizado o uso da NF-e
15:20:48 ==================================================
15:20:52 ==================================================
15:20:52 Executando EmitirNFe...
15:20:52 Ambiente: producao
15:20:52 Numero da NFe: 8688
15:20:52 Conectado ao Banco de Dados
15:20:52 40.702.895 HEMERSON QUEIROZ TAVARES
15:20:54 SUCESSO! NFe Autorizada.
15:20:54 Chave de acesso: 35260509167426000109550010000086881209929626
15:20:54 Código Status: 100
15:20:54 Motivo: Autorizado o uso da NF-e
15:20:54 ==================================================
15:20:58 ==================================================
15:20:58 Executando EmitirNFe...
15:20:58 Ambiente: producao
15:20:58 Numero da NFe: 8689
15:20:58 Conectado ao Banco de Dados
15:20:58 SHAKTI COMERCIO VAREJISTA DE ALIMENTOS LTDA
15:21:00 SUCESSO! NFe Autorizada.
15:21:00 Chave de acesso: 35260509167426000109550010000086891964367081
15:21:00 Código Status: 100
15:21:00 Motivo: Autorizado o uso da NF-e
15:21:00 ==================================================
15:21:05 ==================================================
15:21:05 Executando EmitirNFe...
15:21:05 Ambiente: producao
15:21:05 Numero da NFe: 8690
15:21:05 Conectado ao Banco de Dados
15:21:05 RAIZS ORGANICOS S.A.
15:21:07 SUCESSO! NFe Autorizada.
15:21:07 Chave de acesso: 35260509167426000109550010000086901838072273
15:21:07 Código Status: 100
15:21:07 Motivo: Autorizado o uso da NF-e
15:21:07 ==================================================
15:21:11 ==================================================
15:21:11 Executando EmitirNFe...
15:21:11 Ambiente: producao
15:21:11 Numero da NFe: 8691
15:21:11 Conectado ao Banco de Dados
15:21:12 MERCEARIA DO KIKUTI LTDA
15:21:13 SUCESSO! NFe Autorizada.
15:21:13 Chave de acesso: 35260509167426000109550010000086911541816166
15:21:13 Código Status: 100
15:21:13 Motivo: Autorizado o uso da NF-e
15:21:13 ==================================================
15:21:17 ==================================================
15:21:17 Executando EmitirNFe...
15:21:17 Ambiente: producao
15:21:17 Numero da NFe: 8692
15:21:17 Conectado ao Banco de Dados
15:21:18 THIMI PREMIUM GOURMET LTDA
15:21:19 SUCESSO! NFe Autorizada.
15:21:19 Chave de acesso: 35260509167426000109550010000086921612839861
15:21:19 Código Status: 100
15:21:19 Motivo: Autorizado o uso da NF-e
15:21:19 ==================================================
15:21:23 ==================================================
15:21:23 Executando EmitirNFe...
15:21:23 Ambiente: producao
15:21:23 Numero da NFe: 8693
15:21:23 Conectado ao Banco de Dados
15:21:23 MUSASHI ALIMENTOS E SERVICOS LTDA
15:21:24 SUCESSO! NFe Autorizada.
15:21:24 Chave de acesso: 35260509167426000109550010000086931834986116
15:21:24 Código Status: 100
15:21:24 Motivo: Autorizado o uso da NF-e
15:21:24 ==================================================
15:21:27 ==================================================
15:21:27 Executando EmitirNFe...
15:21:27 Ambiente: producao
15:21:27 Numero da NFe: 8694
15:21:28 Conectado ao Banco de Dados
15:21:28 THIAGO DE OLIVEIRA WERTHEIMER - HOTEL
15:21:29 SUCESSO! NFe Autorizada.
15:21:29 Chave de acesso: 35260509167426000109550010000086941824104410
15:21:29 Código Status: 100
15:21:29 Motivo: Autorizado o uso da NF-e
15:21:29 ==================================================
15:30:05 ==================================================
15:30:05 Executando EmitirNFe...
15:30:05 Ambiente: producao
15:30:05 Numero da NFe: 8685
15:30:05 Conectado ao Banco de Dados
15:30:05 JACAREI AGRICULTURA E COMERCIO LTDA.
15:30:07 --------------------------------------------------
15:30:07 ERRO DURANTE O ENVIO DA NFE:
15:30:07 Rejeição: Duplicidade de NF-e com diferença na Chave de Acesso [chNFe:35260509167426000109550010000086851405801449][nRec:351023893406674]
15:30:07 --------------------------------------------------
15:30:07 Código do Erro SEFAZ: 539
15:30:07 Motivo da Rejeição: Rejeição: Duplicidade de NF-e com diferença na Chave de Acesso [chNFe:35260509167426000109550010000086851405801449][nRec:351023893406674]
15:30:07 ==================================================
15:32:27 ==================================================
15:32:27 Executando EmitirNFe...
15:32:27 Ambiente: producao
15:32:27 Numero da NFe: 8684
15:32:27 Conectado ao Banco de Dados
15:32:27 FLV COMERCIO DE HORTIFRUTO LTDA
15:32:29 SUCESSO! NFe Autorizada.
15:32:29 Chave de acesso: 35260509167426000109550010000086841158965923
15:32:29 Código Status: 100
15:32:29 Motivo: Autorizado o uso da NF-e
15:32:29 ==================================================
