16:38:21 Log created
16:38:21 --------------------------------------------------
16:38:21 Executando EmitirNFe...
16:38:21 Ambiente: homologacao
16:38:21 Numero da NFe: 8673
16:38:21 --------------------------------------------------
17:25:29 --------------------------------------------------
17:25:29 Executando EmitirNFe...
17:25:29 Ambiente: homologacao
17:25:29 Numero da NFe: 8673
17:25:29 --------------------------------------------------
17:26:49 --------------------------------------------------
17:26:49 Executando EmitirNFe...
17:26:49 Ambiente: homologacao
17:26:49 Numero da NFe: 8673
17:26:49 --------------------------------------------------
17:27:05 --------------------------------------------------
17:27:05 Executando EmitirNFe...
17:27:05 Ambiente: homologacao
17:27:05 Numero da NFe: 8673
17:27:05 --------------------------------------------------
17:33:46 --------------------------------------------------
17:33:46 Executando EmitirNFe...
17:33:46 Ambiente: homologacao
17:33:46 Numero da NFe: 8673
17:33:46 --------------------------------------------------
17:39:59 --------------------------------------------------
17:39:59 Executando EmitirNFe...
17:39:59 Ambiente: homologacao
17:39:59 Numero da NFe: 8673
17:39:59 --------------------------------------------------
17:40:00 Código do Erro SEFAZ: 233
17:40:00 Motivo da Rejeição: Rejeição: IE do destinatário não cadastrada
17:42:48 --------------------------------------------------
17:42:48 Executando EmitirNFe...
17:42:48 Ambiente: homologacao
17:42:48 Numero da NFe: 8673
17:42:48 --------------------------------------------------
17:42:50 --------------------------------------------------
17:42:50 ERRO DURANTE O ENVIO DA NFE:
17:42:50 Rejeição: IE do destinatário não cadastrada
17:42:50 --------------------------------------------------
17:42:50 Código do Erro SEFAZ: 233
17:42:50 Motivo da Rejeição: Rejeição: IE do destinatário não cadastrada
17:42:50 --------------------------------------------------
17:43:12 --------------------------------------------------
17:43:12 Executando EmitirNFe...
17:43:12 Ambiente: homologacao
17:43:12 Numero da NFe: 8673
17:43:12 --------------------------------------------------
17:43:13 --------------------------------------------------
17:43:13 ERRO DURANTE O ENVIO DA NFE:
17:43:13 Rejeição: IE do destinatário não cadastrada
17:43:13 --------------------------------------------------
17:43:13 Código do Erro SEFAZ: 233
17:43:13 Motivo da Rejeição: Rejeição: IE do destinatário não cadastrada
17:43:13 --------------------------------------------------
17:44:18 --------------------------------------------------
17:44:18 Executando EmitirNFe...
17:44:18 Ambiente: homologacao
17:44:18 Numero da NFe: 8673
17:44:19 --------------------------------------------------
17:44:19 ERRO DURANTE O ENVIO DA NFE:
17:44:19 Rejeição: IE do destinatário não cadastrada
17:44:19 --------------------------------------------------
17:44:19 Código do Erro SEFAZ: 233
17:44:19 Motivo da Rejeição: Rejeição: IE do destinatário não cadastrada
17:44:19 --------------------------------------------------
17:46:46 ==================================================
17:46:46 Executando EmitirNFe...
17:46:46 Ambiente: homologacao
17:46:46 Numero da NFe: 8673
17:46:48 --------------------------------------------------
17:46:48 ERRO DURANTE O ENVIO DA NFE:
17:46:48 Rejeição: IE do destinatário não cadastrada
17:46:48 --------------------------------------------------
17:46:48 Código do Erro SEFAZ: 233
17:46:48 Motivo da Rejeição: Rejeição: IE do destinatário não cadastrada
17:46:48 ==================================================
17:47:12 ==================================================
17:47:12 Executando EmitirNFe...
17:47:12 Ambiente: homologacao
17:47:12 Numero da NFe: 8673
17:47:13 --------------------------------------------------
17:47:13 ERRO DURANTE O ENVIO DA NFE:
17:47:13 Rejeição: IE do destinatário não cadastrada
17:47:13 --------------------------------------------------
17:47:13 Código do Erro SEFAZ: 233
17:47:13 Motivo da Rejeição: Rejeição: IE do destinatário não cadastrada
17:47:13 ==================================================
17:48:03 ==================================================
17:48:03 Executando EmitirNFe...
17:48:03 Ambiente: homologacao
17:48:03 Numero da NFe: 8674
17:48:04 --------------------------------------------------
17:48:04 ERRO DURANTE O ENVIO DA NFE:
17:48:04 Rejeição: Duplicidade de NF-e com diferença na Chave de Acesso [chNFe:35260509167426000109550010000086741449577290][nRec:351000214626726]
17:48:04 --------------------------------------------------
17:48:04 Código do Erro SEFAZ: 539
17:48:04 Motivo da Rejeição: Rejeição: Duplicidade de NF-e com diferença na Chave de Acesso [chNFe:35260509167426000109550010000086741449577290][nRec:351000214626726]
17:48:04 ==================================================
17:48:24 ==================================================
17:48:24 Executando EmitirNFe...
17:48:24 Ambiente: homologacao
17:48:24 Numero da NFe: 8675
17:48:27 SUCESSO! NFe Autorizada.
17:48:27 Chave de acesso: 35260509167426000109550010000086751026499870
17:48:27 Código Status: 100
17:48:27 Motivo: Autorizado o uso da NF-e
17:48:27 ATENÇÃO: NFe enviada, mas não foi confirmada.
17:48:27 Chave de acesso: 35260509167426000109550010000086751026499870
17:48:27 Código Status: 100
17:48:27 Motivo: Autorizado o uso da NF-e
17:48:27 ==================================================
17:48:55 ==================================================
17:48:55 Executando EmitirNFe...
17:48:55 Ambiente: homologacao
17:48:55 Numero da NFe: 8678
17:48:56 SUCESSO! NFe Autorizada.
17:48:56 Chave de acesso: 35260509167426000109550010000086781607593354
17:48:56 Código Status: 100
17:48:56 Motivo: Autorizado o uso da NF-e
17:48:56 ATENÇÃO: NFe enviada, mas não foi confirmada.
17:48:56 Chave de acesso: 35260509167426000109550010000086781607593354
17:48:56 Código Status: 100
17:48:56 Motivo: Autorizado o uso da NF-e
17:48:56 ==================================================
17:54:13 ==================================================
17:54:13 Executando EmitirNFe...
17:54:13 Ambiente: homologacao
17:54:13 Numero da NFe: 8666
17:54:14 SUCESSO! NFe Autorizada.
17:54:14 Chave de acesso: 35260509167426000109550010000086661568674491
17:54:14 Código Status: 100
17:54:14 Motivo: Autorizado o uso da NF-e
17:54:14 ==================================================
17:57:34 ==================================================
17:57:34 Executando EmitirNFe...
17:57:34 Ambiente: homologacao
17:57:34 Numero da NFe: 8663
17:57:34 MERCADO CACIMBA LTDA
17:57:36 SUCESSO! NFe Autorizada.
17:57:36 Chave de acesso: 35260509167426000109550010000086631884773486
17:57:36 Código Status: 100
17:57:36 Motivo: Autorizado o uso da NF-e
17:57:36 ==================================================
17:58:27 ==================================================
17:58:27 Executando EmitirNFe...
17:58:27 Ambiente: homologacao
17:58:27 Numero da NFe: 8664
17:58:27 TEPPEN COMERCIO DE VERDURAS LTDA
17:58:28 SUCESSO! NFe Autorizada.
17:58:28 Chave de acesso: 35260509167426000109550010000086641935991482
17:58:28 Código Status: 100
17:58:28 Motivo: Autorizado o uso da NF-e
17:58:28 ==================================================
17:59:53 ==================================================
17:59:53 Executando EmitirNFe...
17:59:53 Ambiente: homologacao
17:59:53 Numero da NFe: 8665
17:59:53 Conectado ao Banco de Dados
17:59:53 TAKOISH COMERCIO VERDURAS E LEGUMES LTDA
17:59:55 SUCESSO! NFe Autorizada.
17:59:55 Chave de acesso: 35260509167426000109550010000086651518138742
17:59:55 Código Status: 100
17:59:55 Motivo: Autorizado o uso da NF-e
17:59:55 ==================================================
