10:18:01 Log created
10:18:01 ==================================================
10:18:29 ==================================================
10:18:29 Executando EmitirNFe...
10:18:29 Ambiente: homologacao
10:18:29 Numero da NFe: 8695
10:18:29 Conectado ao Banco de Dados
10:18:29 JOSE ALENCAR DE CARVALHO NETO E OUTROS
10:18:31 SUCESSO! NFe Autorizada.
10:18:31 Chave de acesso: 35260509167426000109550010000086951582506578
10:18:31 Código Status: 100
10:18:31 Motivo: Autorizado o uso da NF-e
10:18:31 ==================================================
10:23:37 ==================================================
10:23:37 Executando EmitirNFe...
10:23:37 Ambiente: producao
10:23:37 Numero da NFe: 8695
10:23:37 Conectado ao Banco de Dados
10:23:37 JOSE ALENCAR DE CARVALHO NETO E OUTROS
10:23:38 SUCESSO! NFe Autorizada.
10:23:38 Chave de acesso: 35260509167426000109550010000086951869619270
10:23:38 Código Status: 100
10:23:38 Motivo: Autorizado o uso da NF-e
10:23:38 ==================================================
11:07:38 ==================================================
11:07:42 ==================================================
11:08:03 ==================================================
11:08:13 ==================================================
11:08:13 Executando EmitirNFe...
11:08:13 Ambiente: homologacao
11:08:13 Numero da NFe: 8694
11:08:13 Conectado ao Banco de Dados
11:08:13 THIAGO DE OLIVEIRA WERTHEIMER - HOTEL
11:08:15 SUCESSO! NFe Autorizada.
11:08:15 Chave de acesso: 35260509167426000109550010000086941462634008
11:08:15 Código Status: 100
11:08:15 Motivo: Autorizado o uso da NF-e
11:08:15 ==================================================
