14:57:56 Log created
14:57:56 ==================================================
14:58:10 ==================================================
14:58:31 ==================================================
14:59:45 ==================================================
15:06:14 ==================================================
15:06:17 ==================================================
15:06:29 ==================================================
15:15:37 ==================================================
15:16:01 ==================================================
15:22:26 ==================================================
15:22:41 ==================================================
15:22:52 ==================================================
15:23:45 ==================================================
15:24:00 ==================================================
15:24:10 ==================================================
15:24:28 ==================================================
15:24:51 ==================================================
15:25:12 ==================================================
15:28:00 ==================================================
15:28:06 ==================================================
15:28:28 ==================================================
15:28:40 ==================================================
15:33:53 ==================================================
15:34:00 ==================================================
15:34:32 ==================================================
15:34:43 ==================================================
15:36:16 ==================================================
15:36:26 ==================================================
15:44:26 ==================================================
16:13:36 ==================================================
16:13:59 ==================================================
16:25:16 ==================================================
16:30:11 ==================================================
16:30:56 ==================================================
16:31:49 ==================================================
16:33:28 ==================================================
16:33:57 ==================================================
16:34:02 ==================================================
16:34:58 ==================================================
16:35:07 ==================================================
16:35:20 ==================================================
16:37:34 ==================================================
16:37:44 ==================================================
16:39:02 ==================================================
16:39:38 ==================================================
16:40:34 ==================================================
16:41:04 ==================================================
16:41:08 ==================================================
16:56:45 ==================================================
17:01:24 ==================================================
17:02:20 ==================================================
17:04:13 ==================================================
17:04:18 ==================================================
17:07:33 ==================================================
17:07:40 ==================================================
17:07:46 ==================================================
17:40:21 ==================================================
17:40:56 ==================================================
17:41:08 ==================================================
17:41:12 ==================================================
17:41:43 ==================================================
17:41:51 ==================================================
17:41:57 ==================================================
17:42:04 ==================================================
17:42:23 ==================================================
17:42:29 ==================================================
17:42:43 ==================================================
17:42:50 ==================================================
17:46:49 ==================================================
17:46:57 ==================================================
17:47:09 ==================================================
17:47:16 ==================================================
17:47:22 ==================================================
17:47:32 ==================================================
17:47:46 ==================================================
17:47:53 ==================================================
17:48:05 ==================================================
17:48:13 ==================================================
17:48:24 ==================================================
17:48:31 ==================================================
17:48:39 ==================================================
17:48:47 ==================================================
17:48:57 ==================================================
17:49:03 ==================================================
17:49:09 ==================================================
17:49:26 ==================================================
17:49:37 ==================================================
17:49:49 ==================================================
17:50:00 ==================================================
17:50:07 ==================================================
17:50:13 ==================================================
17:50:19 ==================================================
17:50:28 ==================================================
17:50:37 ==================================================
17:50:49 ==================================================
17:50:52 ==================================================
17:51:05 ==================================================
17:51:13 ==================================================
17:51:21 ==================================================
17:51:30 ==================================================
17:51:35 ==================================================
17:51:41 ==================================================
17:58:38 ==================================================
17:58:38 Iniciando o programa.
17:58:38 ==================================================
17:58:38 Consultando Plugin.
17:58:38 Numero pedido: 25294
17:58:38 Nome cliente: SHAKTI COMÉRCIO VAREJISTA DE ALIMENTOS LTDA
17:58:38 Codigo cliente FreeNFe (cadastrado no Plugin): 123
17:58:38 Consultando FreeNFe.
17:58:38 Numero NFe: 8689
17:58:38 Nome cliente no FreeNFe: SHAKTI COMERCIO VAREJISTA DE ALIMENTOS LTDA
17:58:38 Valor NFe: R$ 409,50
17:58:38 Saindo do programa.
17:58:38 ==================================================
17:58:42 ==================================================
17:58:42 Iniciando o programa.
17:58:42 ==================================================
17:58:42 Consultando Plugin.
17:58:42 Numero pedido: 25295
17:58:42 Nome cliente: FERNANDA REGINA REZENDE DE LIMA
17:58:42 Codigo cliente FreeNFe (cadastrado no Plugin): 
17:58:42 Saindo do programa.
17:58:42 ==================================================
17:58:45 ==================================================
17:58:45 Iniciando o programa.
17:58:45 ==================================================
17:58:45 Consultando Plugin.
17:58:45 Numero pedido: 25297
17:58:45 Nome cliente: JULIANA HIGA BELLINI
17:58:45 Codigo cliente FreeNFe (cadastrado no Plugin): 
17:58:45 Saindo do programa.
17:58:45 ==================================================
17:58:49 ==================================================
17:58:49 Iniciando o programa.
17:58:49 ==================================================
17:58:49 Consultando Plugin.
17:58:49 Numero pedido: 25304
17:58:49 Nome cliente: FLV COMERCIO DE HORTIFRUTO LTDA
17:58:49 Codigo cliente FreeNFe (cadastrado no Plugin): 72
17:58:49 Consultando FreeNFe.
17:58:49 Numero NFe: 8684
17:58:49 Nome cliente no FreeNFe: FLV COMERCIO DE HORTIFRUTO LTDA
17:58:49 Valor NFe: R$ 526,00
17:58:49 Saindo do programa.
17:58:49 ==================================================
17:58:53 ==================================================
17:58:53 Iniciando o programa.
17:58:53 ==================================================
17:58:53 Consultando Plugin.
17:58:53 Numero pedido: 25313
17:58:53 Nome cliente: GRAEMBUENSE COMERCIO DE VERDURAS E LEGUMES LTDA
17:58:53 Codigo cliente FreeNFe (cadastrado no Plugin): 117
17:58:53 Consultando FreeNFe.
17:58:53 Numero NFe: 8667
17:58:53 Nome cliente no FreeNFe: GRAEMBUENSE COMERCIO DE VERDURAS E LEGUMES LTDA
17:58:53 Valor NFe: R$ 288,00
17:58:53 Saindo do programa.
17:58:53 ==================================================
17:58:57 ==================================================
17:58:57 Iniciando o programa.
17:58:57 ==================================================
17:58:57 Consultando Plugin.
17:58:57 Numero pedido: 25320
17:58:57 Nome cliente: FLV COMERCIO DE HORTIFRUTO LTDA
17:58:57 Codigo cliente FreeNFe (cadastrado no Plugin): 72
17:58:57 Consultando FreeNFe.
17:58:57 Numero NFe: 8684
17:58:57 Nome cliente no FreeNFe: FLV COMERCIO DE HORTIFRUTO LTDA
17:58:57 Valor NFe: R$ 526,00
17:58:57 Saindo do programa.
17:58:57 ==================================================
18:01:32 ==================================================
18:01:32 Iniciando o programa.
18:01:32 ==================================================
18:01:32 Consultando Plugin.
18:01:32 Numero pedido: 25320
18:01:32 Nome cliente: FLV COMERCIO DE HORTIFRUTO LTDA
18:01:32 Codigo cliente FreeNFe (cadastrado no Plugin): 72
18:01:32 Consultando FreeNFe.
18:01:32 Numero NFe: 8684
18:01:32 Nome cliente no FreeNFe: FLV COMERCIO DE HORTIFRUTO LTDA
18:01:32 Valor NFe: R$ 526,00
18:01:32 Saindo do programa.
18:01:33 ==================================================
18:01:34 ==================================================
18:01:34 Iniciando o programa.
18:01:34 ==================================================
18:01:34 Consultando Plugin.
18:01:34 Numero pedido: 25321
18:01:34 Nome cliente: COMERCIAL GAIVOTA PRODUTOS ALIMENTICIOS LTDA
18:01:34 Codigo cliente FreeNFe (cadastrado no Plugin): 28
18:01:34 Consultando FreeNFe.
18:01:34 Numero NFe: 8620
18:01:34 Nome cliente no FreeNFe: COMERCIAL GAIVOTA PRODUTOS ALIMENTICIOS LTDA
18:01:34 Valor NFe: R$ 1.581,50
18:01:34 Saindo do programa.
18:01:34 ==================================================
18:02:00 ++++++++++++++++++++++++++++++++++++++++++++++++++
18:02:00 Iniciando o programa.
18:02:00 ==================================================
18:02:00 Consultando Plugin.
18:02:00 Numero pedido: 25321
18:02:00 Nome cliente: COMERCIAL GAIVOTA PRODUTOS ALIMENTICIOS LTDA
18:02:00 Codigo cliente FreeNFe (cadastrado no Plugin): 28
18:02:00 Consultando FreeNFe.
18:02:00 Numero NFe: 8620
18:02:00 Nome cliente no FreeNFe: COMERCIAL GAIVOTA PRODUTOS ALIMENTICIOS LTDA
18:02:00 Valor NFe: R$ 1.581,50
18:02:00 Saindo do programa.
18:02:00 ++++++++++++++++++++++++++++++++++++++++++++++++++
18:02:03 ++++++++++++++++++++++++++++++++++++++++++++++++++
18:02:03 Iniciando o programa.
18:02:03 ==================================================
18:02:03 Consultando Plugin.
18:02:03 Numero pedido: 25322
18:02:03 Nome cliente: TAKOISH COMERCIO VERDURAS E LEGUMES LTDA
18:02:03 Codigo cliente FreeNFe (cadastrado no Plugin): 41
18:02:03 Consultando FreeNFe.
18:02:03 Numero NFe: 8665
18:02:03 Nome cliente no FreeNFe: TAKOISH COMERCIO VERDURAS E LEGUMES LTDA
18:02:03 Valor NFe: R$ 506,25
18:02:03 Saindo do programa.
18:02:03 ++++++++++++++++++++++++++++++++++++++++++++++++++
18:02:05 ++++++++++++++++++++++++++++++++++++++++++++++++++
18:02:05 Iniciando o programa.
18:02:05 ==================================================
18:02:05 Consultando Plugin.
18:02:05 Numero pedido: 25324
18:02:05 Nome cliente: AGRO COMERCIAL I.M.M. EIRELI
18:02:05 Codigo cliente FreeNFe (cadastrado no Plugin): 81
18:02:05 Consultando FreeNFe.
18:02:05 Numero NFe: 8669
18:02:05 Nome cliente no FreeNFe: AGRO COMERCIAL I.M.M. EIRELI
18:02:05 Valor NFe: R$ 216,00
18:02:05 Saindo do programa.
18:02:05 ++++++++++++++++++++++++++++++++++++++++++++++++++
18:02:07 ++++++++++++++++++++++++++++++++++++++++++++++++++
18:02:07 Iniciando o programa.
18:02:07 ==================================================
18:02:07 Consultando Plugin.
18:02:07 Numero pedido: 25329
18:02:07 Nome cliente: CRISTINA FURLANI CARMONA KIM COMERCIO DE ALIMENTOS
18:02:07 Codigo cliente FreeNFe (cadastrado no Plugin): 120
18:02:07 Consultando FreeNFe.
18:02:07 Numero NFe: 8686
18:02:07 Nome cliente no FreeNFe: CRISTINA FURLANI CARMONA KIM COMERCIO DE ALIMENTOS
18:02:07 Valor NFe: R$ 1.090,00
18:02:07 Saindo do programa.
18:02:07 ++++++++++++++++++++++++++++++++++++++++++++++++++
18:04:02 ==================================================
18:04:02 Iniciando o programa.
18:04:02 --------------------------------------------------
18:04:02 Consultando Plugin.
18:04:02 Numero pedido: 25329
18:04:02 Nome cliente: CRISTINA FURLANI CARMONA KIM COMERCIO DE ALIMENTOS
18:04:02 Codigo cliente FreeNFe (cadastrado no Plugin): 120
18:04:02 Consultando FreeNFe.
18:04:02 Numero NFe: 8686
18:04:02 Nome cliente no FreeNFe: CRISTINA FURLANI CARMONA KIM COMERCIO DE ALIMENTOS
18:04:02 Valor NFe: R$ 1.090,00
18:04:02 Saindo do programa.
18:04:02 ==================================================
18:04:04 ==================================================
18:04:04 Iniciando o programa.
18:04:04 --------------------------------------------------
18:04:04 Consultando Plugin.
18:04:04 Numero pedido: 25330
18:04:04 Nome cliente: RAIZS ORGANICOS S.A.
18:04:04 Codigo cliente FreeNFe (cadastrado no Plugin): 121
18:04:04 Consultando FreeNFe.
18:04:04 Numero NFe: 8690
18:04:04 Nome cliente no FreeNFe: RAIZS ORGANICOS S.A.
18:04:04 Valor NFe: R$ 255,20
18:04:04 Saindo do programa.
18:04:04 ==================================================
18:04:06 ==================================================
18:04:06 Iniciando o programa.
18:04:06 --------------------------------------------------
18:04:06 Consultando Plugin.
18:04:06 Numero pedido: 25332
18:04:06 Nome cliente: TEMPEROS & MEL LTDA
18:04:06 Codigo cliente FreeNFe (cadastrado no Plugin): 
18:04:06 Saindo do programa.
18:04:06 ==================================================
18:04:08 ==================================================
18:04:08 Iniciando o programa.
18:04:08 --------------------------------------------------
18:04:08 Consultando Plugin.
18:04:08 Numero pedido: 25335
18:04:08 Nome cliente: JOSE ALENCAR DE CARVALHO NETO E OUTROS
18:04:08 Codigo cliente FreeNFe (cadastrado no Plugin): 177
18:04:08 Consultando FreeNFe.
18:04:08 Numero NFe: 8695
18:04:08 Nome cliente no FreeNFe: JOSE ALENCAR DE CARVALHO NETO E OUTROS
18:04:08 Valor NFe: R$ 627,90
18:04:08 Saindo do programa.
18:04:08 ==================================================
18:04:10 ==================================================
18:04:10 Iniciando o programa.
18:04:10 --------------------------------------------------
18:04:10 Consultando Plugin.
18:04:10 Numero pedido: 25341
18:04:10 Nome cliente: WORLD VEGAN INDUSTRIA DE ALIMENTOS VEGANOS LTDA
18:04:10 Codigo cliente FreeNFe (cadastrado no Plugin): 132
18:04:10 Consultando FreeNFe.
18:04:11 Numero NFe: 8662
18:04:11 Nome cliente no FreeNFe: WORLD VEGAN INDUSTRIA DE ALIMENTOS VEGANOS LTDA
18:04:11 Valor NFe: R$ 746,00
18:04:11 Saindo do programa.
18:04:11 ==================================================
18:04:13 ==================================================
18:04:13 Iniciando o programa.
18:04:13 --------------------------------------------------
18:04:13 Consultando Plugin.
18:04:13 Numero pedido: 25350
18:04:13 Nome cliente: TEPPEN COMERCIO DE VERDURAS LTDA
18:04:13 Codigo cliente FreeNFe (cadastrado no Plugin): 143
18:04:13 Consultando FreeNFe.
18:04:13 Numero NFe: 8664
18:04:13 Nome cliente no FreeNFe: TEPPEN COMERCIO DE VERDURAS LTDA
18:04:13 Valor NFe: R$ 420,00
18:04:13 Saindo do programa.
18:04:13 ==================================================
